/home/l/mnsm/modest-heisenberg-f18b5b/experiments/neural/test_simsiam_cubic_ssm.py:207: UserWarning: Converting a tensor with requires_grad=True to a scalar may lead to unexpected behavior.
Consider using tensor.detach() first. (Triggered internally at /pytorch/torch/csrc/autograd/generated/python_variable_methods.cpp:838.)
  history["loss"].append(float(loss))
Wave 2 Test D: cubic-state SimSiam without stop-gradient, with FDT noise (P6.3)
Using device: NVIDIA GeForce RTX 4060 Laptop GPU

======================================================================
  Variant: cubic_p3 (Lambda=-0.5, gamma_0=0.02, T=0.01)
======================================================================
  Parameters: 95,328
  step     0: loss= 0.0049  eff_rank= 11.75/64  uniformity=-1.7612
  step   100: loss=-0.9978  eff_rank=  8.60/64  uniformity=-0.7183
  step   200: loss=-0.9990  eff_rank=  8.53/64  uniformity=-0.6851
  step   300: loss=-0.9983  eff_rank=  8.51/64  uniformity=-0.6433
  step   400: loss=-0.9993  eff_rank=  8.49/64  uniformity=-0.6046
  step   500: loss=-0.9991  eff_rank=  8.52/64  uniformity=-0.5617
  step   600: loss=-0.9992  eff_rank=  8.62/64  uniformity=-0.5165
  step   700: loss=-0.9993  eff_rank=  8.69/64  uniformity=-0.4810
  step   800: loss=-0.9995  eff_rank=  8.67/64  uniformity=-0.4504
  step   900: loss=-0.9991  eff_rank=  8.68/64  uniformity=-0.4244
  step  1000: loss=-0.9988  eff_rank=  8.70/64  uniformity=-0.4001
  step  1100: loss=-0.9998  eff_rank=  8.69/64  uniformity=-0.3766
  step  1200: loss=-0.9996  eff_rank=  8.65/64  uniformity=-0.3577
  step  1300: loss=-0.9998  eff_rank=  8.65/64  uniformity=-0.3382
  step  1400: loss=-0.9994  eff_rank=  8.61/64  uniformity=-0.3195
  step  1500: loss=-0.9997  eff_rank=  8.52/64  uniformity=-0.3040
  step  1600: loss=-0.9999  eff_rank=  8.51/64  uniformity=-0.2895
  step  1700: loss=-0.9998  eff_rank=  8.41/64  uniformity=-0.2771
  step  1800: loss=-0.9998  eff_rank=  8.34/64  uniformity=-0.2626
  step  1900: loss=-0.9998  eff_rank=  8.29/64  uniformity=-0.2512
  step  2000: loss=-0.9993  eff_rank=  8.11/64  uniformity=-0.2399
  step  2100: loss=-0.9998  eff_rank=  7.99/64  uniformity=-0.2289
  step  2200: loss=-0.9998  eff_rank=  7.87/64  uniformity=-0.2202
  step  2300: loss=-0.9997  eff_rank=  7.67/64  uniformity=-0.2102
  step  2400: loss=-0.9995  eff_rank=  7.55/64  uniformity=-0.2020
  step  2500: loss=-0.9998  eff_rank=  7.34/64  uniformity=-0.1941
  step  2600: loss=-0.9998  eff_rank=  7.14/64  uniformity=-0.1846
  step  2700: loss=-0.9998  eff_rank=  7.00/64  uniformity=-0.1768
  step  2800: loss=-0.9997  eff_rank=  6.75/64  uniformity=-0.1714
  step  2900: loss=-0.9997  eff_rank=  6.60/64  uniformity=-0.1637
  step  3000: loss=-0.9998  eff_rank=  6.40/64  uniformity=-0.1569
  step  3100: loss=-0.9999  eff_rank=  6.20/64  uniformity=-0.1503
  step  3200: loss=-0.9998  eff_rank=  6.01/64  uniformity=-0.1443
  step  3300: loss=-0.9998  eff_rank=  5.78/64  uniformity=-0.1387
  step  3400: loss=-0.9999  eff_rank=  5.63/64  uniformity=-0.1346
  step  3500: loss=-0.9999  eff_rank=  5.42/64  uniformity=-0.1301
  step  3600: loss=-0.9996  eff_rank=  5.28/64  uniformity=-0.1260
  step  3700: loss=-0.9999  eff_rank=  5.11/64  uniformity=-0.1219
  step  3800: loss=-0.9999  eff_rank=  4.94/64  uniformity=-0.1184
  step  3900: loss=-0.9998  eff_rank=  4.74/64  uniformity=-0.1139
  step  3999: loss=-0.9998  eff_rank=  4.60/64  uniformity=-0.1102
  Wall: 21.9s

======================================================================
  Variant: linear_p3 (Lambda=0.0, gamma_0=0.02, T=0.01)
======================================================================
  Parameters: 95,328
  step     0: loss=-0.0445  eff_rank= 12.23/64  uniformity=-1.9120
  step   100: loss=-0.9987  eff_rank= 10.08/64  uniformity=-0.5231
  step   200: loss=-0.9994  eff_rank=  9.90/64  uniformity=-0.4958
  step   300: loss=-0.9990  eff_rank=  9.72/64  uniformity=-0.4633
  step   400: loss=-0.9994  eff_rank=  9.59/64  uniformity=-0.4332
  step   500: loss=-0.9994  eff_rank=  9.40/64  uniformity=-0.4045
  step   600: loss=-0.9994  eff_rank=  9.18/64  uniformity=-0.3767
  step   700: loss=-0.9993  eff_rank=  8.97/64  uniformity=-0.3546
  step   800: loss=-0.9994  eff_rank=  8.70/64  uniformity=-0.3351
  step   900: loss=-0.9995  eff_rank=  8.55/64  uniformity=-0.3152
  step  1000: loss=-0.9992  eff_rank=  8.26/64  uniformity=-0.2963
  step  1100: loss=-0.9996  eff_rank=  8.04/64  uniformity=-0.2809
  step  1200: loss=-0.9996  eff_rank=  7.75/64  uniformity=-0.2657
  step  1300: loss=-0.9997  eff_rank=  7.57/64  uniformity=-0.2516
  step  1400: loss=-0.9996  eff_rank=  7.29/64  uniformity=-0.2389
  step  1500: loss=-0.9997  eff_rank=  7.05/64  uniformity=-0.2281
  step  1600: loss=-0.9999  eff_rank=  6.77/64  uniformity=-0.2155
  step  1700: loss=-0.9998  eff_rank=  6.59/64  uniformity=-0.2063
  step  1800: loss=-0.9998  eff_rank=  6.31/64  uniformity=-0.1982
  step  1900: loss=-0.9998  eff_rank=  6.14/64  uniformity=-0.1888
  step  2000: loss=-0.9997  eff_rank=  5.87/64  uniformity=-0.1808
  step  2100: loss=-0.9998  eff_rank=  5.64/64  uniformity=-0.1732
  step  2200: loss=-0.9998  eff_rank=  5.45/64  uniformity=-0.1670
  step  2300: loss=-0.9998  eff_rank=  5.24/64  uniformity=-0.1602
  step  2400: loss=-0.9999  eff_rank=  5.05/64  uniformity=-0.1541
  step  2500: loss=-0.9998  eff_rank=  4.86/64  uniformity=-0.1488
  step  2600: loss=-0.9999  eff_rank=  4.67/64  uniformity=-0.1427
  step  2700: loss=-0.9999  eff_rank=  4.51/64  uniformity=-0.1375
  step  2800: loss=-0.9999  eff_rank=  4.37/64  uniformity=-0.1330
  step  2900: loss=-0.9998  eff_rank=  4.19/64  uniformity=-0.1292
  step  3000: loss=-0.9999  eff_rank=  4.06/64  uniformity=-0.1248
  step  3100: loss=-0.9998  eff_rank=  3.93/64  uniformity=-0.1206
  step  3200: loss=-0.9999  eff_rank=  3.78/64  uniformity=-0.1167
  step  3300: loss=-0.9998  eff_rank=  3.65/64  uniformity=-0.1129
  step  3400: loss=-0.9999  eff_rank=  3.55/64  uniformity=-0.1092
  step  3500: loss=-0.9999  eff_rank=  3.39/64  uniformity=-0.1053
  step  3600: loss=-0.9998  eff_rank=  3.27/64  uniformity=-0.1014
  step  3700: loss=-1.0000  eff_rank=  3.16/64  uniformity=-0.0982
  step  3800: loss=-0.9999  eff_rank=  3.08/64  uniformity=-0.0954
  step  3900: loss=-0.9999  eff_rank=  2.96/64  uniformity=-0.0919
  step  3999: loss=-0.9999  eff_rank=  2.88/64  uniformity=-0.0897
  Wall: 26.1s

======================================================================
  Comparison summary
======================================================================
    cubic_p3: final eff_rank = 4.60, final uniformity = -0.1102, wall = 21.9s
   linear_p3: final eff_rank = 2.88, final uniformity = -0.0897, wall = 26.1s
  Total wall: 50.0s

Prediction P6.3 (with P3 active) check: cubic_p3 should maintain higher
  effective rank than linear_p3. cubic_iso shows what the wave-1 (degenerate) ran.

Summary: /home/l/mnsm/modest-heisenberg-f18b5b/outputs/simsiam_cubic_ssm_p3/summary.json
