Phase 9 wave-3 phase diagram 2D slice (Sigma_lambda x gamma_0) at d=3
Backend: cupy (GPU)

Configuration:
  N = 24, L = 10.0, Lambda = -8.0, T_bath = 0.05
  n_steps = 2000, dt = 0.005
  Sigma_lambda values: [0.0, 0.5, 2.0, 8.0]
  gamma_0 values: [0.01, 0.05, 0.2, 1.0]
  Total grid points: 16
  Sigma_lambda= 0.00, gamma_0= 0.01: regime=              intermediate  peak_growth=    2.95  final_ratio=  2.4969  norm_growth= 26.50  t=2.7s
  Sigma_lambda= 0.00, gamma_0= 0.05: regime=              intermediate  peak_growth=    9.71  final_ratio=  7.8670  norm_growth= 89.76  t=2.6s
  Sigma_lambda= 0.00, gamma_0= 0.20: regime=                  collapse  peak_growth=   14.56  final_ratio= 13.1049  norm_growth=140.85  t=2.3s
  Sigma_lambda= 0.00, gamma_0= 1.00: regime=                  collapse  peak_growth=   18.21  final_ratio= 14.0872  norm_growth=140.02  t=2.5s
  Sigma_lambda= 0.50, gamma_0= 0.01: regime=              intermediate  peak_growth=    2.54  final_ratio=  2.3427  norm_growth= 26.75  t=3.0s
  Sigma_lambda= 0.50, gamma_0= 0.05: regime=                  collapse  peak_growth=   11.36  final_ratio= 11.3625  norm_growth= 89.66  t=2.5s
  Sigma_lambda= 0.50, gamma_0= 0.20: regime=                  collapse  peak_growth=   17.59  final_ratio= 11.9247  norm_growth=136.94  t=2.2s
  Sigma_lambda= 0.50, gamma_0= 1.00: regime=                  collapse  peak_growth=   19.27  final_ratio= 11.5914  norm_growth=141.21  t=2.2s
  Sigma_lambda= 2.00, gamma_0= 0.01: regime=              intermediate  peak_growth=    2.55  final_ratio=  2.4817  norm_growth= 26.58  t=2.0s
  Sigma_lambda= 2.00, gamma_0= 0.05: regime=              intermediate  peak_growth=    9.57  final_ratio=  7.8971  norm_growth= 88.36  t=2.4s
  Sigma_lambda= 2.00, gamma_0= 0.20: regime=                  collapse  peak_growth=   16.48  final_ratio= 12.4664  norm_growth=136.75  t=2.6s
  Sigma_lambda= 2.00, gamma_0= 1.00: regime=                  collapse  peak_growth=   18.41  final_ratio= 11.7478  norm_growth=142.22  t=2.2s
  Sigma_lambda= 8.00, gamma_0= 0.01: regime=              intermediate  peak_growth=    2.83  final_ratio=  2.8120  norm_growth= 26.79  t=2.7s
  Sigma_lambda= 8.00, gamma_0= 0.05: regime=              intermediate  peak_growth=    9.01  final_ratio=  8.3470  norm_growth= 88.13  t=2.4s
  Sigma_lambda= 8.00, gamma_0= 0.20: regime=                  collapse  peak_growth=   16.54  final_ratio= 10.7206  norm_growth=139.50  t=2.5s
  Sigma_lambda= 8.00, gamma_0= 1.00: regime=                  collapse  peak_growth=   19.15  final_ratio= 15.2399  norm_growth=143.55  t=2.9s

Total wall time: 40.7s

Regime counts across grid:
                    collapse: 9
                intermediate: 7

Regime map (Sigma_lambda rows, gamma_0 cols):
                                      g=0.01                        g=0.05                         g=0.2                         g=1.0
  Sl= 0.00                    intermediate                  intermediate                      collapse                      collapse
  Sl= 0.50                    intermediate                      collapse                      collapse                      collapse
  Sl= 2.00                    intermediate                  intermediate                      collapse                      collapse
  Sl= 8.00                    intermediate                  intermediate                      collapse                      collapse

Summary written to /home/l/mnsm/modest-heisenberg-f18b5b/outputs/phase_diagram_2d_slice/summary.json
