Using device: NVIDIA GeForce RTX 4060 Laptop GPU
Phase 9 Test C: FDT-locked vs no-built-in noise (P6.1)
  vocab size: 65
  train tokens: 1,003,854  val tokens: 111,540

======================================================================
  Variant: fdt_high
  gamma_0 = 0.02, fdt_temperature = 0.01
======================================================================
  Parameters: 1,495,872
  step     0/8000  lr 1.50e-06  loss 4.6177  (0.6s)
  step   200/8000  lr 3.00e-04  loss 3.2855  (2.9s)
    [eval] step   200  val_loss 2.5192  (ppl 12.42)
  step   400/8000  lr 3.00e-04  loss 2.3997  (5.3s)
    [eval] step   400  val_loss 2.3483  (ppl 10.47)
  step   600/8000  lr 2.98e-04  loss 2.2945  (7.6s)
    [eval] step   600  val_loss 2.2857  (ppl 9.83)
  step   800/8000  lr 2.96e-04  loss 2.2435  (9.8s)
    [eval] step   800  val_loss 2.2419  (ppl 9.41)
  step  1000/8000  lr 2.93e-04  loss 2.2061  (12.1s)
    [eval] step  1000  val_loss 2.2437  (ppl 9.43)
  step  1200/8000  lr 2.89e-04  loss 2.1811  (14.2s)
    [eval] step  1200  val_loss 2.2043  (ppl 9.06)
  step  1400/8000  lr 2.85e-04  loss 2.1600  (16.4s)
    [eval] step  1400  val_loss 2.1983  (ppl 9.01)
  step  1600/8000  lr 2.79e-04  loss 2.1431  (18.7s)
    [eval] step  1600  val_loss 2.1796  (ppl 8.84)
  step  1800/8000  lr 2.73e-04  loss 2.1237  (21.1s)
    [eval] step  1800  val_loss 2.1507  (ppl 8.59)
  step  2000/8000  lr 2.66e-04  loss 2.1070  (23.4s)
    [eval] step  2000  val_loss 2.1509  (ppl 8.59)
  step  2200/8000  lr 2.59e-04  loss 2.0941  (25.9s)
    [eval] step  2200  val_loss 2.1475  (ppl 8.56)
  step  2400/8000  lr 2.50e-04  loss 2.0801  (28.6s)
    [eval] step  2400  val_loss 2.1343  (ppl 8.45)
  step  2600/8000  lr 2.42e-04  loss 2.0700  (31.5s)
    [eval] step  2600  val_loss 2.1177  (ppl 8.31)
  step  2800/8000  lr 2.32e-04  loss 2.0600  (35.2s)
    [eval] step  2800  val_loss 2.1204  (ppl 8.33)
  step  3000/8000  lr 2.23e-04  loss 2.0482  (39.3s)
    [eval] step  3000  val_loss 2.1151  (ppl 8.29)
  step  3200/8000  lr 2.13e-04  loss 2.0354  (43.2s)
    [eval] step  3200  val_loss 2.1102  (ppl 8.25)
  step  3400/8000  lr 2.03e-04  loss 2.0292  (47.1s)
    [eval] step  3400  val_loss 2.1011  (ppl 8.18)
  step  3600/8000  lr 1.92e-04  loss 2.0237  (51.3s)
    [eval] step  3600  val_loss 2.0991  (ppl 8.16)
  step  3800/8000  lr 1.81e-04  loss 2.0159  (55.2s)
    [eval] step  3800  val_loss 2.0822  (ppl 8.02)
  step  4000/8000  lr 1.70e-04  loss 2.0056  (59.0s)
    [eval] step  4000  val_loss 2.0961  (ppl 8.13)
    [ckpt] saved /home/l/mnsm/modest-heisenberg-f18b5b/outputs/fdt_locked_noise/fdt_high/ckpt_step_4000.pt
  step  4200/8000  lr 1.60e-04  loss 1.9973  (63.1s)
    [eval] step  4200  val_loss 2.0872  (ppl 8.06)
  step  4400/8000  lr 1.49e-04  loss 1.9924  (67.1s)
    [eval] step  4400  val_loss 2.0753  (ppl 7.97)
  step  4600/8000  lr 1.38e-04  loss 1.9894  (71.1s)
    [eval] step  4600  val_loss 2.0794  (ppl 8.00)
  step  4800/8000  lr 1.27e-04  loss 1.9835  (75.0s)
    [eval] step  4800  val_loss 2.0826  (ppl 8.03)
  step  5000/8000  lr 1.17e-04  loss 1.9755  (79.0s)
    [eval] step  5000  val_loss 2.0714  (ppl 7.94)
  step  5200/8000  lr 1.07e-04  loss 1.9703  (82.9s)
    [eval] step  5200  val_loss 2.0704  (ppl 7.93)
  step  5400/8000  lr 9.75e-05  loss 1.9649  (86.8s)
    [eval] step  5400  val_loss 2.0707  (ppl 7.93)
  step  5600/8000  lr 8.83e-05  loss 1.9611  (90.1s)
    [eval] step  5600  val_loss 2.0800  (ppl 8.00)
  step  5800/8000  lr 7.96e-05  loss 1.9525  (93.4s)
    [eval] step  5800  val_loss 2.0706  (ppl 7.93)
  step  6000/8000  lr 7.15e-05  loss 1.9534  (96.4s)
    [eval] step  6000  val_loss 2.0625  (ppl 7.87)
  step  6200/8000  lr 6.40e-05  loss 1.9515  (99.6s)
    [eval] step  6200  val_loss 2.0599  (ppl 7.85)
  step  6400/8000  lr 5.71e-05  loss 1.9488  (103.1s)
    [eval] step  6400  val_loss 2.0520  (ppl 7.78)
  step  6600/8000  lr 5.09e-05  loss 1.9448  (106.7s)
    [eval] step  6600  val_loss 2.0473  (ppl 7.75)
  step  6800/8000  lr 4.55e-05  loss 1.9442  (109.9s)
    [eval] step  6800  val_loss 2.0593  (ppl 7.84)
  step  7000/8000  lr 4.08e-05  loss 1.9399  (113.6s)
    [eval] step  7000  val_loss 2.0497  (ppl 7.77)
  step  7200/8000  lr 3.69e-05  loss 1.9412  (116.9s)
    [eval] step  7200  val_loss 2.0719  (ppl 7.94)
  step  7400/8000  lr 3.39e-05  loss 1.9348  (120.1s)
    [eval] step  7400  val_loss 2.0571  (ppl 7.82)
  step  7600/8000  lr 3.17e-05  loss 1.9357  (123.4s)
    [eval] step  7600  val_loss 2.0601  (ppl 7.85)
  step  7800/8000  lr 3.04e-05  loss 1.9334  (126.5s)
    [eval] step  7800  val_loss 2.0510  (ppl 7.78)
  step  7999/8000  lr 3.00e-05  loss 1.9335  (129.6s)
    [eval] step  7999  val_loss 2.0488  (ppl 7.76)

Done. Total wall time 129.7s. History saved to /home/l/mnsm/modest-heisenberg-f18b5b/outputs/fdt_locked_noise/fdt_high/history.json.

======================================================================
  Variant: fdt_low
  gamma_0 = 0.005, fdt_temperature = 0.01
======================================================================
  Parameters: 1,495,872
  step     0/8000  lr 1.50e-06  loss 4.6276  (0.0s)
  step   200/8000  lr 3.00e-04  loss 3.2814  (3.3s)
    [eval] step   200  val_loss 2.5297  (ppl 12.55)
  step   400/8000  lr 3.00e-04  loss 2.4009  (6.8s)
    [eval] step   400  val_loss 2.3544  (ppl 10.53)
  step   600/8000  lr 2.98e-04  loss 2.2967  (9.5s)
    [eval] step   600  val_loss 2.2972  (ppl 9.95)
  step   800/8000  lr 2.96e-04  loss 2.2464  (12.4s)
    [eval] step   800  val_loss 2.2470  (ppl 9.46)
  step  1000/8000  lr 2.93e-04  loss 2.2073  (15.4s)
    [eval] step  1000  val_loss 2.2456  (ppl 9.45)
  step  1200/8000  lr 2.89e-04  loss 2.1816  (18.4s)
    [eval] step  1200  val_loss 2.2080  (ppl 9.10)
  step  1400/8000  lr 2.85e-04  loss 2.1610  (21.8s)
    [eval] step  1400  val_loss 2.2030  (ppl 9.05)
  step  1600/8000  lr 2.79e-04  loss 2.1440  (24.9s)
    [eval] step  1600  val_loss 2.1780  (ppl 8.83)
  step  1800/8000  lr 2.73e-04  loss 2.1238  (27.8s)
    [eval] step  1800  val_loss 2.1536  (ppl 8.62)
  step  2000/8000  lr 2.66e-04  loss 2.1089  (30.6s)
    [eval] step  2000  val_loss 2.1577  (ppl 8.65)
  step  2200/8000  lr 2.59e-04  loss 2.0982  (33.4s)
    [eval] step  2200  val_loss 2.1449  (ppl 8.54)
  step  2400/8000  lr 2.50e-04  loss 2.0835  (36.3s)
    [eval] step  2400  val_loss 2.1368  (ppl 8.47)
  step  2600/8000  lr 2.42e-04  loss 2.0724  (39.1s)
    [eval] step  2600  val_loss 2.1231  (ppl 8.36)
  step  2800/8000  lr 2.32e-04  loss 2.0626  (41.9s)
    [eval] step  2800  val_loss 2.1197  (ppl 8.33)
  step  3000/8000  lr 2.23e-04  loss 2.0520  (45.3s)
    [eval] step  3000  val_loss 2.1164  (ppl 8.30)
  step  3200/8000  lr 2.13e-04  loss 2.0361  (48.6s)
    [eval] step  3200  val_loss 2.1091  (ppl 8.24)
  step  3400/8000  lr 2.03e-04  loss 2.0297  (51.8s)
    [eval] step  3400  val_loss 2.0929  (ppl 8.11)
  step  3600/8000  lr 1.92e-04  loss 2.0240  (55.1s)
    [eval] step  3600  val_loss 2.0957  (ppl 8.13)
  step  3800/8000  lr 1.81e-04  loss 2.0160  (58.3s)
    [eval] step  3800  val_loss 2.0776  (ppl 7.99)
  step  4000/8000  lr 1.70e-04  loss 2.0046  (61.7s)
    [eval] step  4000  val_loss 2.0877  (ppl 8.07)
    [ckpt] saved /home/l/mnsm/modest-heisenberg-f18b5b/outputs/fdt_locked_noise/fdt_low/ckpt_step_4000.pt
  step  4200/8000  lr 1.60e-04  loss 1.9981  (65.1s)
    [eval] step  4200  val_loss 2.0844  (ppl 8.04)
  step  4400/8000  lr 1.49e-04  loss 1.9915  (68.2s)
    [eval] step  4400  val_loss 2.0696  (ppl 7.92)
  step  4600/8000  lr 1.38e-04  loss 1.9893  (71.2s)
    [eval] step  4600  val_loss 2.0760  (ppl 7.97)
  step  4800/8000  lr 1.27e-04  loss 1.9856  (74.3s)
    [eval] step  4800  val_loss 2.0732  (ppl 7.95)
  step  5000/8000  lr 1.17e-04  loss 1.9775  (77.3s)
    [eval] step  5000  val_loss 2.0673  (ppl 7.90)
  step  5200/8000  lr 1.07e-04  loss 1.9706  (80.2s)
    [eval] step  5200  val_loss 2.0613  (ppl 7.86)
  step  5400/8000  lr 9.75e-05  loss 1.9662  (83.3s)
    [eval] step  5400  val_loss 2.0638  (ppl 7.88)
  step  5600/8000  lr 8.83e-05  loss 1.9606  (86.3s)
    [eval] step  5600  val_loss 2.0698  (ppl 7.92)
  step  5800/8000  lr 7.96e-05  loss 1.9535  (89.6s)
    [eval] step  5800  val_loss 2.0740  (ppl 7.96)
  step  6000/8000  lr 7.15e-05  loss 1.9543  (93.2s)
    [eval] step  6000  val_loss 2.0579  (ppl 7.83)
  step  6200/8000  lr 6.40e-05  loss 1.9519  (96.9s)
    [eval] step  6200  val_loss 2.0560  (ppl 7.81)
  step  6400/8000  lr 5.71e-05  loss 1.9505  (100.3s)
    [eval] step  6400  val_loss 2.0464  (ppl 7.74)
  step  6600/8000  lr 5.09e-05  loss 1.9458  (103.3s)
    [eval] step  6600  val_loss 2.0418  (ppl 7.70)
  step  6800/8000  lr 4.55e-05  loss 1.9447  (106.4s)
    [eval] step  6800  val_loss 2.0538  (ppl 7.80)
  step  7000/8000  lr 4.08e-05  loss 1.9412  (109.4s)
    [eval] step  7000  val_loss 2.0490  (ppl 7.76)
  step  7200/8000  lr 3.69e-05  loss 1.9418  (112.7s)
    [eval] step  7200  val_loss 2.0715  (ppl 7.94)
  step  7400/8000  lr 3.39e-05  loss 1.9360  (116.1s)
    [eval] step  7400  val_loss 2.0506  (ppl 7.77)
  step  7600/8000  lr 3.17e-05  loss 1.9365  (119.4s)
    [eval] step  7600  val_loss 2.0559  (ppl 7.81)
  step  7800/8000  lr 3.04e-05  loss 1.9342  (122.8s)
    [eval] step  7800  val_loss 2.0446  (ppl 7.73)
  step  7999/8000  lr 3.00e-05  loss 1.9343  (126.0s)
    [eval] step  7999  val_loss 2.0405  (ppl 7.69)

Done. Total wall time 126.1s. History saved to /home/l/mnsm/modest-heisenberg-f18b5b/outputs/fdt_locked_noise/fdt_low/history.json.

======================================================================
  Comparison summary
======================================================================
  Variant A (FDT high) (gamma_0=0.02, T=0.01):
    Final val ppl: 7.7586
    Val loss std: 0.0952
    Max loss jump: 0.0223
    Spike count: 0
  Variant B (FDT low) (gamma_0=0.005, T=0.01):
    Final val ppl: 7.6942
    Val loss std: 0.0995
    Max loss jump: 0.0225
    Spike count: 0
  Wall time total: 258.9s

Prediction P6.1 check: trajectory variance should DECREASE as
  gamma_0 grows in the coupled regime (fdt_low > fdt_high).
  Both variants run with gamma_0 > 0 per principles/03-coupling.md.

Summary written to /home/l/mnsm/modest-heisenberg-f18b5b/outputs/fdt_locked_noise/summary.json
