/home/l/mnsm/modest-heisenberg-f18b5b/experiments/neural/test_simsiam_cubic_ssm.py:207: UserWarning: Converting a tensor with requires_grad=True to a scalar may lead to unexpected behavior.
Consider using tensor.detach() first. (Triggered internally at /pytorch/torch/csrc/autograd/generated/python_variable_methods.cpp:838.)
  history["loss"].append(float(loss))
Using device: NVIDIA GeForce RTX 4060 Laptop GPU
Phase 9 wave-3 multi-seed extension of P6.3 (cubic SSM SimSiam)

--- Variant: cubic_p3, seed: 41 ---

======================================================================
  Variant: cubic_p3_seed41 (Lambda=-0.5, gamma_0=0.02, T=0.01)
======================================================================
  Parameters: 95,328
  step     0: loss= 0.0127  eff_rank= 11.71/64  uniformity=-1.9533
  step   100: loss=-0.9991  eff_rank=  9.79/64  uniformity=-0.6944
  step   200: loss=-0.9985  eff_rank=  9.71/64  uniformity=-0.6596
  step   300: loss=-0.9985  eff_rank=  9.68/64  uniformity=-0.6076
  step   400: loss=-0.9984  eff_rank=  9.64/64  uniformity=-0.5645
  step   500: loss=-0.9992  eff_rank=  9.61/64  uniformity=-0.5206
  step   600: loss=-0.9985  eff_rank=  9.67/64  uniformity=-0.4782
  step   700: loss=-0.9988  eff_rank=  9.62/64  uniformity=-0.4445
  step   800: loss=-0.9989  eff_rank=  9.69/64  uniformity=-0.4158
  step   900: loss=-0.9992  eff_rank=  9.63/64  uniformity=-0.3921
  step  1000: loss=-0.9994  eff_rank=  9.62/64  uniformity=-0.3688
  step  1100: loss=-0.9996  eff_rank=  9.59/64  uniformity=-0.3476
  step  1200: loss=-0.9995  eff_rank=  9.57/64  uniformity=-0.3271
  step  1300: loss=-0.9997  eff_rank=  9.51/64  uniformity=-0.3122
  step  1400: loss=-0.9997  eff_rank=  9.46/64  uniformity=-0.2958
  step  1500: loss=-0.9993  eff_rank=  9.38/64  uniformity=-0.2775
  step  1600: loss=-0.9995  eff_rank=  9.25/64  uniformity=-0.2645
  step  1700: loss=-0.9999  eff_rank=  9.15/64  uniformity=-0.2527
  step  1800: loss=-0.9998  eff_rank=  9.02/64  uniformity=-0.2408
  step  1900: loss=-0.9998  eff_rank=  8.90/64  uniformity=-0.2301
  step  2000: loss=-0.9997  eff_rank=  8.75/64  uniformity=-0.2212
  step  2100: loss=-0.9997  eff_rank=  8.51/64  uniformity=-0.2101
  step  2200: loss=-0.9999  eff_rank=  8.34/64  uniformity=-0.2024
  step  2300: loss=-0.9999  eff_rank=  8.10/64  uniformity=-0.1928
  step  2400: loss=-0.9995  eff_rank=  7.95/64  uniformity=-0.1848
  step  2500: loss=-0.9999  eff_rank=  7.60/64  uniformity=-0.1768
  step  2600: loss=-0.9999  eff_rank=  7.39/64  uniformity=-0.1696
  step  2700: loss=-0.9998  eff_rank=  7.19/64  uniformity=-0.1635
  step  2800: loss=-0.9997  eff_rank=  7.01/64  uniformity=-0.1581
  step  2900: loss=-0.9999  eff_rank=  6.77/64  uniformity=-0.1531
  step  3000: loss=-0.9999  eff_rank=  6.53/64  uniformity=-0.1479
  step  3100: loss=-0.9998  eff_rank=  6.31/64  uniformity=-0.1425
  step  3200: loss=-0.9998  eff_rank=  6.10/64  uniformity=-0.1373
  step  3300: loss=-0.9997  eff_rank=  5.90/64  uniformity=-0.1321
  step  3400: loss=-0.9997  eff_rank=  5.58/64  uniformity=-0.1257
  step  3500: loss=-0.9998  eff_rank=  5.37/64  uniformity=-0.1223
  step  3600: loss=-0.9999  eff_rank=  5.18/64  uniformity=-0.1183
  step  3700: loss=-0.9999  eff_rank=  5.01/64  uniformity=-0.1144
  step  3800: loss=-0.9999  eff_rank=  4.79/64  uniformity=-0.1105
  step  3900: loss=-0.9999  eff_rank=  4.66/64  uniformity=-0.1077
  step  3999: loss=-0.9999  eff_rank=  4.44/64  uniformity=-0.1041
  Wall: 33.7s

--- Variant: linear_p3, seed: 41 ---

======================================================================
  Variant: linear_p3_seed41 (Lambda=0.0, gamma_0=0.02, T=0.01)
======================================================================
  Parameters: 95,328
  step     0: loss= 0.0119  eff_rank= 11.63/64  uniformity=-1.9597
  step   100: loss=-0.9990  eff_rank=  9.88/64  uniformity=-0.6891
  step   200: loss=-0.9985  eff_rank=  9.83/64  uniformity=-0.6562
  step   300: loss=-0.9984  eff_rank=  9.82/64  uniformity=-0.6049
  step   400: loss=-0.9982  eff_rank=  9.79/64  uniformity=-0.5630
  step   500: loss=-0.9993  eff_rank=  9.76/64  uniformity=-0.5207
  step   600: loss=-0.9985  eff_rank=  9.83/64  uniformity=-0.4790
  step   700: loss=-0.9990  eff_rank=  9.79/64  uniformity=-0.4465
  step   800: loss=-0.9989  eff_rank=  9.86/64  uniformity=-0.4193
  step   900: loss=-0.9991  eff_rank=  9.82/64  uniformity=-0.3961
  step  1000: loss=-0.9995  eff_rank=  9.82/64  uniformity=-0.3737
  step  1100: loss=-0.9995  eff_rank=  9.79/64  uniformity=-0.3528
  step  1200: loss=-0.9995  eff_rank=  9.80/64  uniformity=-0.3316
  step  1300: loss=-0.9997  eff_rank=  9.74/64  uniformity=-0.3172
  step  1400: loss=-0.9997  eff_rank=  9.68/64  uniformity=-0.3010
  step  1500: loss=-0.9992  eff_rank=  9.60/64  uniformity=-0.2839
  step  1600: loss=-0.9996  eff_rank=  9.51/64  uniformity=-0.2702
  step  1700: loss=-0.9999  eff_rank=  9.43/64  uniformity=-0.2580
  step  1800: loss=-0.9998  eff_rank=  9.30/64  uniformity=-0.2464
  step  1900: loss=-0.9998  eff_rank=  9.14/64  uniformity=-0.2362
  step  2000: loss=-0.9997  eff_rank=  9.01/64  uniformity=-0.2270
  step  2100: loss=-0.9997  eff_rank=  8.83/64  uniformity=-0.2160
  step  2200: loss=-0.9999  eff_rank=  8.66/64  uniformity=-0.2084
  step  2300: loss=-0.9999  eff_rank=  8.47/64  uniformity=-0.1984
  step  2400: loss=-0.9996  eff_rank=  8.31/64  uniformity=-0.1903
  step  2500: loss=-0.9998  eff_rank=  8.00/64  uniformity=-0.1825
  step  2600: loss=-0.9998  eff_rank=  7.77/64  uniformity=-0.1750
  step  2700: loss=-0.9998  eff_rank=  7.53/64  uniformity=-0.1690
  step  2800: loss=-0.9997  eff_rank=  7.37/64  uniformity=-0.1637
  step  2900: loss=-0.9999  eff_rank=  7.13/64  uniformity=-0.1590
  step  3000: loss=-0.9999  eff_rank=  6.91/64  uniformity=-0.1540
  step  3100: loss=-0.9999  eff_rank=  6.66/64  uniformity=-0.1480
  step  3200: loss=-0.9998  eff_rank=  6.42/64  uniformity=-0.1429
  step  3300: loss=-0.9997  eff_rank=  6.22/64  uniformity=-0.1375
  step  3400: loss=-0.9997  eff_rank=  5.91/64  uniformity=-0.1313
  step  3500: loss=-0.9998  eff_rank=  5.70/64  uniformity=-0.1273
  step  3600: loss=-0.9999  eff_rank=  5.53/64  uniformity=-0.1235
  step  3700: loss=-0.9999  eff_rank=  5.39/64  uniformity=-0.1193
  step  3800: loss=-0.9999  eff_rank=  5.17/64  uniformity=-0.1158
  step  3900: loss=-0.9999  eff_rank=  5.01/64  uniformity=-0.1119
  step  3999: loss=-0.9999  eff_rank=  4.79/64  uniformity=-0.1084
  Wall: 27.7s

--- Variant: cubic_p3, seed: 42 ---

======================================================================
  Variant: cubic_p3_seed42 (Lambda=-0.5, gamma_0=0.02, T=0.01)
======================================================================
  Parameters: 95,328
  step     0: loss= 0.0502  eff_rank= 11.32/64  uniformity=-1.7484
  step   100: loss=-0.9986  eff_rank= 10.48/64  uniformity=-0.6358
  step   200: loss=-0.9979  eff_rank= 10.20/64  uniformity=-0.6019
  step   300: loss=-0.9991  eff_rank= 10.00/64  uniformity=-0.5607
  step   400: loss=-0.9970  eff_rank=  9.76/64  uniformity=-0.5255
  step   500: loss=-0.9987  eff_rank=  9.61/64  uniformity=-0.4873
  step   600: loss=-0.9986  eff_rank=  9.49/64  uniformity=-0.4560
  step   700: loss=-0.9988  eff_rank=  9.30/64  uniformity=-0.4281
  step   800: loss=-0.9995  eff_rank=  9.08/64  uniformity=-0.4006
  step   900: loss=-0.9993  eff_rank=  8.79/64  uniformity=-0.3775
  step  1000: loss=-0.9997  eff_rank=  8.63/64  uniformity=-0.3552
  step  1100: loss=-0.9997  eff_rank=  8.40/64  uniformity=-0.3361
  step  1200: loss=-0.9997  eff_rank=  8.21/64  uniformity=-0.3196
  step  1300: loss=-0.9993  eff_rank=  8.00/64  uniformity=-0.3030
  step  1400: loss=-0.9994  eff_rank=  7.81/64  uniformity=-0.2887
  step  1500: loss=-0.9997  eff_rank=  7.68/64  uniformity=-0.2752
  step  1600: loss=-0.9997  eff_rank=  7.45/64  uniformity=-0.2633
  step  1700: loss=-0.9994  eff_rank=  7.22/64  uniformity=-0.2520
  step  1800: loss=-0.9997  eff_rank=  7.08/64  uniformity=-0.2418
  step  1900: loss=-0.9996  eff_rank=  6.93/64  uniformity=-0.2334
  step  2000: loss=-0.9994  eff_rank=  6.64/64  uniformity=-0.2240
  step  2100: loss=-0.9998  eff_rank=  6.45/64  uniformity=-0.2134
  step  2200: loss=-0.9999  eff_rank=  6.24/64  uniformity=-0.2058
  step  2300: loss=-0.9997  eff_rank=  6.06/64  uniformity=-0.1968
  step  2400: loss=-0.9998  eff_rank=  5.84/64  uniformity=-0.1892
  step  2500: loss=-0.9998  eff_rank=  5.68/64  uniformity=-0.1831
  step  2600: loss=-0.9997  eff_rank=  5.48/64  uniformity=-0.1752
  step  2700: loss=-0.9998  eff_rank=  5.24/64  uniformity=-0.1694
  step  2800: loss=-0.9999  eff_rank=  5.13/64  uniformity=-0.1634
  step  2900: loss=-0.9999  eff_rank=  4.95/64  uniformity=-0.1582
  step  3000: loss=-0.9996  eff_rank=  4.83/64  uniformity=-0.1527
  step  3100: loss=-0.9999  eff_rank=  4.62/64  uniformity=-0.1479
  step  3200: loss=-0.9999  eff_rank=  4.47/64  uniformity=-0.1435
  step  3300: loss=-0.9998  eff_rank=  4.37/64  uniformity=-0.1399
  step  3400: loss=-0.9999  eff_rank=  4.16/64  uniformity=-0.1350
  step  3500: loss=-0.9999  eff_rank=  4.01/64  uniformity=-0.1308
  step  3600: loss=-0.9999  eff_rank=  3.88/64  uniformity=-0.1265
  step  3700: loss=-0.9998  eff_rank=  3.76/64  uniformity=-0.1225
  step  3800: loss=-0.9999  eff_rank=  3.61/64  uniformity=-0.1190
  step  3900: loss=-0.9999  eff_rank=  3.50/64  uniformity=-0.1157
  step  3999: loss=-0.9998  eff_rank=  3.41/64  uniformity=-0.1118
  Wall: 30.6s

--- Variant: linear_p3, seed: 42 ---

======================================================================
  Variant: linear_p3_seed42 (Lambda=0.0, gamma_0=0.02, T=0.01)
======================================================================
  Parameters: 95,328
  step     0: loss= 0.0552  eff_rank= 11.32/64  uniformity=-1.7594
  step   100: loss=-0.9990  eff_rank= 10.57/64  uniformity=-0.6790
  step   200: loss=-0.9979  eff_rank= 10.41/64  uniformity=-0.6448
  step   300: loss=-0.9991  eff_rank= 10.28/64  uniformity=-0.6028
  step   400: loss=-0.9974  eff_rank= 10.09/64  uniformity=-0.5656
  step   500: loss=-0.9986  eff_rank=  9.95/64  uniformity=-0.5255
  step   600: loss=-0.9984  eff_rank=  9.82/64  uniformity=-0.4904
  step   700: loss=-0.9985  eff_rank=  9.66/64  uniformity=-0.4601
  step   800: loss=-0.9995  eff_rank=  9.45/64  uniformity=-0.4343
  step   900: loss=-0.9992  eff_rank=  9.27/64  uniformity=-0.4097
  step  1000: loss=-0.9997  eff_rank=  9.14/64  uniformity=-0.3861
  step  1100: loss=-0.9997  eff_rank=  9.01/64  uniformity=-0.3633
  step  1200: loss=-0.9997  eff_rank=  8.82/64  uniformity=-0.3450
  step  1300: loss=-0.9995  eff_rank=  8.65/64  uniformity=-0.3258
  step  1400: loss=-0.9996  eff_rank=  8.41/64  uniformity=-0.3097
  step  1500: loss=-0.9996  eff_rank=  8.30/64  uniformity=-0.2961
  step  1600: loss=-0.9995  eff_rank=  8.04/64  uniformity=-0.2837
  step  1700: loss=-0.9994  eff_rank=  7.81/64  uniformity=-0.2702
  step  1800: loss=-0.9996  eff_rank=  7.68/64  uniformity=-0.2607
  step  1900: loss=-0.9997  eff_rank=  7.48/64  uniformity=-0.2487
  step  2000: loss=-0.9994  eff_rank=  7.18/64  uniformity=-0.2378
  step  2100: loss=-0.9998  eff_rank=  6.95/64  uniformity=-0.2273
  step  2200: loss=-0.9998  eff_rank=  6.69/64  uniformity=-0.2194
  step  2300: loss=-0.9997  eff_rank=  6.50/64  uniformity=-0.2100
  step  2400: loss=-0.9998  eff_rank=  6.29/64  uniformity=-0.2019
  step  2500: loss=-0.9997  eff_rank=  6.11/64  uniformity=-0.1958
  step  2600: loss=-0.9997  eff_rank=  5.87/64  uniformity=-0.1879
  step  2700: loss=-0.9998  eff_rank=  5.62/64  uniformity=-0.1813
  step  2800: loss=-0.9999  eff_rank=  5.46/64  uniformity=-0.1744
  step  2900: loss=-0.9999  eff_rank=  5.26/64  uniformity=-0.1689
  step  3000: loss=-0.9996  eff_rank=  5.11/64  uniformity=-0.1638
  step  3100: loss=-0.9999  eff_rank=  4.92/64  uniformity=-0.1583
  step  3200: loss=-0.9998  eff_rank=  4.74/64  uniformity=-0.1536
  step  3300: loss=-0.9998  eff_rank=  4.59/64  uniformity=-0.1493
  step  3400: loss=-0.9999  eff_rank=  4.41/64  uniformity=-0.1445
  step  3500: loss=-0.9999  eff_rank=  4.22/64  uniformity=-0.1407
  step  3600: loss=-0.9999  eff_rank=  4.09/64  uniformity=-0.1372
  step  3700: loss=-0.9999  eff_rank=  3.96/64  uniformity=-0.1319
  step  3800: loss=-0.9999  eff_rank=  3.82/64  uniformity=-0.1279
  step  3900: loss=-0.9999  eff_rank=  3.67/64  uniformity=-0.1248
  step  3999: loss=-0.9998  eff_rank=  3.55/64  uniformity=-0.1207
  Wall: 32.8s

--- Variant: cubic_p3, seed: 43 ---

======================================================================
  Variant: cubic_p3_seed43 (Lambda=-0.5, gamma_0=0.02, T=0.01)
======================================================================
  Parameters: 95,328
  step     0: loss=-0.0407  eff_rank= 12.01/64  uniformity=-1.8719
  step   100: loss=-0.9980  eff_rank= 10.58/64  uniformity=-0.6035
  step   200: loss=-0.9990  eff_rank= 10.39/64  uniformity=-0.5741
  step   300: loss=-0.9993  eff_rank= 10.26/64  uniformity=-0.5433
  step   400: loss=-0.9991  eff_rank= 10.17/64  uniformity=-0.5094
  step   500: loss=-0.9991  eff_rank= 10.08/64  uniformity=-0.4756
  step   600: loss=-0.9993  eff_rank=  9.89/64  uniformity=-0.4444
  step   700: loss=-0.9994  eff_rank=  9.70/64  uniformity=-0.4214
  step   800: loss=-0.9993  eff_rank=  9.55/64  uniformity=-0.3942
  step   900: loss=-0.9995  eff_rank=  9.38/64  uniformity=-0.3747
  step  1000: loss=-0.9991  eff_rank=  9.15/64  uniformity=-0.3550
  step  1100: loss=-0.9997  eff_rank=  8.94/64  uniformity=-0.3341
  step  1200: loss=-0.9994  eff_rank=  8.72/64  uniformity=-0.3167
  step  1300: loss=-0.9997  eff_rank=  8.57/64  uniformity=-0.3014
  step  1400: loss=-0.9996  eff_rank=  8.32/64  uniformity=-0.2860
  step  1500: loss=-0.9995  eff_rank=  8.13/64  uniformity=-0.2711
  step  1600: loss=-0.9997  eff_rank=  7.89/64  uniformity=-0.2591
  step  1700: loss=-0.9998  eff_rank=  7.71/64  uniformity=-0.2487
  step  1800: loss=-0.9997  eff_rank=  7.50/64  uniformity=-0.2394
  step  1900: loss=-0.9999  eff_rank=  7.30/64  uniformity=-0.2306
  step  2000: loss=-0.9998  eff_rank=  7.07/64  uniformity=-0.2214
  step  2100: loss=-0.9997  eff_rank=  6.88/64  uniformity=-0.2126
  step  2200: loss=-0.9996  eff_rank=  6.63/64  uniformity=-0.2048
  step  2300: loss=-0.9998  eff_rank=  6.42/64  uniformity=-0.1971
  step  2400: loss=-0.9997  eff_rank=  6.21/64  uniformity=-0.1896
  step  2500: loss=-0.9999  eff_rank=  6.01/64  uniformity=-0.1830
  step  2600: loss=-0.9998  eff_rank=  5.85/64  uniformity=-0.1775
  step  2700: loss=-0.9999  eff_rank=  5.67/64  uniformity=-0.1714
  step  2800: loss=-0.9999  eff_rank=  5.45/64  uniformity=-0.1649
  step  2900: loss=-0.9999  eff_rank=  5.24/64  uniformity=-0.1600
  step  3000: loss=-0.9999  eff_rank=  5.10/64  uniformity=-0.1551
  step  3100: loss=-0.9999  eff_rank=  4.91/64  uniformity=-0.1498
  step  3200: loss=-0.9999  eff_rank=  4.74/64  uniformity=-0.1447
  step  3300: loss=-0.9998  eff_rank=  4.57/64  uniformity=-0.1402
  step  3400: loss=-0.9999  eff_rank=  4.42/64  uniformity=-0.1358
  step  3500: loss=-0.9999  eff_rank=  4.28/64  uniformity=-0.1322
  step  3600: loss=-0.9999  eff_rank=  4.08/64  uniformity=-0.1271
  step  3700: loss=-0.9999  eff_rank=  3.93/64  uniformity=-0.1236
  step  3800: loss=-0.9999  eff_rank=  3.80/64  uniformity=-0.1200
  step  3900: loss=-0.9999  eff_rank=  3.67/64  uniformity=-0.1170
  step  3999: loss=-0.9999  eff_rank=  3.57/64  uniformity=-0.1140
  Wall: 26.2s

--- Variant: linear_p3, seed: 43 ---

======================================================================
  Variant: linear_p3_seed43 (Lambda=0.0, gamma_0=0.02, T=0.01)
======================================================================
  Parameters: 95,328
  step     0: loss=-0.0447  eff_rank= 12.01/64  uniformity=-1.8691
  step   100: loss=-0.9973  eff_rank= 10.55/64  uniformity=-0.6043
  step   200: loss=-0.9990  eff_rank= 10.40/64  uniformity=-0.5699
  step   300: loss=-0.9992  eff_rank= 10.30/64  uniformity=-0.5353
  step   400: loss=-0.9994  eff_rank= 10.24/64  uniformity=-0.5001
  step   500: loss=-0.9991  eff_rank= 10.11/64  uniformity=-0.4678
  step   600: loss=-0.9995  eff_rank=  9.95/64  uniformity=-0.4375
  step   700: loss=-0.9995  eff_rank=  9.77/64  uniformity=-0.4121
  step   800: loss=-0.9990  eff_rank=  9.54/64  uniformity=-0.3866
  step   900: loss=-0.9995  eff_rank=  9.35/64  uniformity=-0.3675
  step  1000: loss=-0.9993  eff_rank=  9.08/64  uniformity=-0.3479
  step  1100: loss=-0.9996  eff_rank=  8.81/64  uniformity=-0.3271
  step  1200: loss=-0.9996  eff_rank=  8.58/64  uniformity=-0.3109
  step  1300: loss=-0.9997  eff_rank=  8.38/64  uniformity=-0.2961
  step  1400: loss=-0.9996  eff_rank=  8.09/64  uniformity=-0.2822
  step  1500: loss=-0.9997  eff_rank=  7.80/64  uniformity=-0.2673
  step  1600: loss=-0.9997  eff_rank=  7.55/64  uniformity=-0.2566
  step  1700: loss=-0.9998  eff_rank=  7.32/64  uniformity=-0.2463
  step  1800: loss=-0.9997  eff_rank=  7.07/64  uniformity=-0.2361
  step  1900: loss=-0.9999  eff_rank=  6.83/64  uniformity=-0.2269
  step  2000: loss=-0.9998  eff_rank=  6.57/64  uniformity=-0.2182
  step  2100: loss=-0.9998  eff_rank=  6.33/64  uniformity=-0.2098
  step  2200: loss=-0.9996  eff_rank=  6.08/64  uniformity=-0.2025
  step  2300: loss=-0.9999  eff_rank=  5.86/64  uniformity=-0.1958
  step  2400: loss=-0.9998  eff_rank=  5.63/64  uniformity=-0.1889
  step  2500: loss=-0.9999  eff_rank=  5.45/64  uniformity=-0.1828
  step  2600: loss=-0.9998  eff_rank=  5.27/64  uniformity=-0.1775
  step  2700: loss=-0.9999  eff_rank=  5.06/64  uniformity=-0.1720
  step  2800: loss=-0.9999  eff_rank=  4.83/64  uniformity=-0.1654
  step  2900: loss=-0.9999  eff_rank=  4.63/64  uniformity=-0.1605
  step  3000: loss=-0.9999  eff_rank=  4.49/64  uniformity=-0.1555
  step  3100: loss=-0.9999  eff_rank=  4.32/64  uniformity=-0.1505
  step  3200: loss=-0.9999  eff_rank=  4.16/64  uniformity=-0.1458
  step  3300: loss=-0.9999  eff_rank=  4.01/64  uniformity=-0.1419
  step  3400: loss=-1.0000  eff_rank=  3.86/64  uniformity=-0.1371
  step  3500: loss=-0.9999  eff_rank=  3.73/64  uniformity=-0.1336
  step  3600: loss=-0.9998  eff_rank=  3.58/64  uniformity=-0.1288
  step  3700: loss=-0.9999  eff_rank=  3.44/64  uniformity=-0.1245
  step  3800: loss=-0.9999  eff_rank=  3.32/64  uniformity=-0.1211
  step  3900: loss=-0.9999  eff_rank=  3.22/64  uniformity=-0.1180
  step  3999: loss=-0.9999  eff_rank=  3.13/64  uniformity=-0.1149
  Wall: 26.8s

--- Variant: cubic_p3, seed: 44 ---

======================================================================
  Variant: cubic_p3_seed44 (Lambda=-0.5, gamma_0=0.02, T=0.01)
======================================================================
  Parameters: 95,328
  step     0: loss= 0.0277  eff_rank= 11.76/64  uniformity=-1.9660
  step   100: loss=-0.9971  eff_rank=  9.77/64  uniformity=-0.7260
  step   200: loss=-0.9982  eff_rank=  9.62/64  uniformity=-0.6824
  step   300: loss=-0.9988  eff_rank=  9.43/64  uniformity=-0.6442
  step   400: loss=-0.9990  eff_rank=  9.29/64  uniformity=-0.6030
  step   500: loss=-0.9995  eff_rank=  9.04/64  uniformity=-0.5608
  step   600: loss=-0.9983  eff_rank=  8.85/64  uniformity=-0.5289
  step   700: loss=-0.9995  eff_rank=  8.65/64  uniformity=-0.4969
  step   800: loss=-0.9991  eff_rank=  8.42/64  uniformity=-0.4655
  step   900: loss=-0.9996  eff_rank=  8.27/64  uniformity=-0.4436
  step  1000: loss=-0.9991  eff_rank=  8.03/64  uniformity=-0.4197
  step  1100: loss=-0.9995  eff_rank=  7.88/64  uniformity=-0.4004
  step  1200: loss=-0.9995  eff_rank=  7.64/64  uniformity=-0.3800
  step  1300: loss=-0.9997  eff_rank=  7.44/64  uniformity=-0.3661
  step  1400: loss=-0.9994  eff_rank=  7.27/64  uniformity=-0.3472
  step  1500: loss=-0.9997  eff_rank=  7.07/64  uniformity=-0.3358
  step  1600: loss=-0.9995  eff_rank=  6.86/64  uniformity=-0.3204
  step  1700: loss=-0.9998  eff_rank=  6.63/64  uniformity=-0.3081
  step  1800: loss=-0.9997  eff_rank=  6.40/64  uniformity=-0.2974
  step  1900: loss=-0.9997  eff_rank=  6.24/64  uniformity=-0.2864
  step  2000: loss=-0.9999  eff_rank=  6.04/64  uniformity=-0.2757
  step  2100: loss=-0.9998  eff_rank=  5.86/64  uniformity=-0.2655
  step  2200: loss=-0.9999  eff_rank=  5.67/64  uniformity=-0.2554
  step  2300: loss=-0.9998  eff_rank=  5.49/64  uniformity=-0.2472
  step  2400: loss=-0.9998  eff_rank=  5.30/64  uniformity=-0.2392
  step  2500: loss=-0.9999  eff_rank=  5.13/64  uniformity=-0.2309
  step  2600: loss=-0.9999  eff_rank=  4.89/64  uniformity=-0.2219
  step  2700: loss=-0.9998  eff_rank=  4.75/64  uniformity=-0.2144
  step  2800: loss=-0.9999  eff_rank=  4.56/64  uniformity=-0.2073
  step  2900: loss=-0.9999  eff_rank=  4.36/64  uniformity=-0.1994
  step  3000: loss=-0.9999  eff_rank=  4.24/64  uniformity=-0.1942
  step  3100: loss=-0.9999  eff_rank=  4.11/64  uniformity=-0.1884
  step  3200: loss=-0.9996  eff_rank=  3.99/64  uniformity=-0.1835
  step  3300: loss=-0.9999  eff_rank=  3.87/64  uniformity=-0.1781
  step  3400: loss=-0.9998  eff_rank=  3.72/64  uniformity=-0.1725
  step  3500: loss=-0.9998  eff_rank=  3.62/64  uniformity=-0.1675
  step  3600: loss=-0.9999  eff_rank=  3.49/64  uniformity=-0.1630
  step  3700: loss=-0.9999  eff_rank=  3.39/64  uniformity=-0.1590
  step  3800: loss=-0.9999  eff_rank=  3.27/64  uniformity=-0.1537
  step  3900: loss=-0.9999  eff_rank=  3.16/64  uniformity=-0.1501
  step  3999: loss=-0.9999  eff_rank=  3.05/64  uniformity=-0.1462
  Wall: 18.9s

--- Variant: linear_p3, seed: 44 ---

======================================================================
  Variant: linear_p3_seed44 (Lambda=0.0, gamma_0=0.02, T=0.01)
======================================================================
  Parameters: 95,328
  step     0: loss= 0.0250  eff_rank= 11.73/64  uniformity=-1.9515
  step   100: loss=-0.9972  eff_rank= 10.32/64  uniformity=-0.6944
  step   200: loss=-0.9984  eff_rank= 10.08/64  uniformity=-0.6562
  step   300: loss=-0.9987  eff_rank=  9.85/64  uniformity=-0.6165
  step   400: loss=-0.9991  eff_rank=  9.68/64  uniformity=-0.5775
  step   500: loss=-0.9994  eff_rank=  9.33/64  uniformity=-0.5367
  step   600: loss=-0.9979  eff_rank=  9.10/64  uniformity=-0.5043
  step   700: loss=-0.9995  eff_rank=  8.90/64  uniformity=-0.4711
  step   800: loss=-0.9991  eff_rank=  8.54/64  uniformity=-0.4414
  step   900: loss=-0.9994  eff_rank=  8.37/64  uniformity=-0.4185
  step  1000: loss=-0.9993  eff_rank=  8.07/64  uniformity=-0.3952
  step  1100: loss=-0.9996  eff_rank=  7.91/64  uniformity=-0.3773
  step  1200: loss=-0.9994  eff_rank=  7.60/64  uniformity=-0.3583
  step  1300: loss=-0.9998  eff_rank=  7.39/64  uniformity=-0.3448
  step  1400: loss=-0.9994  eff_rank=  7.19/64  uniformity=-0.3268
  step  1500: loss=-0.9997  eff_rank=  6.96/64  uniformity=-0.3151
  step  1600: loss=-0.9996  eff_rank=  6.72/64  uniformity=-0.3001
  step  1700: loss=-0.9998  eff_rank=  6.49/64  uniformity=-0.2886
  step  1800: loss=-0.9998  eff_rank=  6.23/64  uniformity=-0.2784
  step  1900: loss=-0.9997  eff_rank=  6.04/64  uniformity=-0.2664
  step  2000: loss=-0.9998  eff_rank=  5.85/64  uniformity=-0.2566
  step  2100: loss=-0.9998  eff_rank=  5.66/64  uniformity=-0.2469
  step  2200: loss=-0.9998  eff_rank=  5.47/64  uniformity=-0.2375
  step  2300: loss=-0.9998  eff_rank=  5.28/64  uniformity=-0.2300
  step  2400: loss=-0.9998  eff_rank=  5.07/64  uniformity=-0.2209
  step  2500: loss=-0.9999  eff_rank=  4.88/64  uniformity=-0.2133
  step  2600: loss=-0.9999  eff_rank=  4.66/64  uniformity=-0.2053
  step  2700: loss=-0.9999  eff_rank=  4.54/64  uniformity=-0.1990
  step  2800: loss=-0.9999  eff_rank=  4.35/64  uniformity=-0.1919
  step  2900: loss=-0.9998  eff_rank=  4.15/64  uniformity=-0.1841
  step  3000: loss=-0.9999  eff_rank=  4.04/64  uniformity=-0.1794
  step  3100: loss=-0.9999  eff_rank=  3.89/64  uniformity=-0.1738
  step  3200: loss=-0.9997  eff_rank=  3.79/64  uniformity=-0.1693
  step  3300: loss=-0.9999  eff_rank=  3.67/64  uniformity=-0.1646
  step  3400: loss=-0.9998  eff_rank=  3.51/64  uniformity=-0.1590
  step  3500: loss=-0.9998  eff_rank=  3.40/64  uniformity=-0.1545
  step  3600: loss=-1.0000  eff_rank=  3.28/64  uniformity=-0.1500
  step  3700: loss=-0.9999  eff_rank=  3.18/64  uniformity=-0.1459
  step  3800: loss=-0.9999  eff_rank=  3.06/64  uniformity=-0.1410
  step  3900: loss=-0.9999  eff_rank=  2.97/64  uniformity=-0.1374
  step  3999: loss=-0.9999  eff_rank=  2.88/64  uniformity=-0.1341
  Wall: 18.3s

======================================================================
  Multi-seed summary (N_seeds = 4)
======================================================================
  cubic_p3 (Lambda=-0.5):
    final_eff_rank: 3.617 +/- 0.510
    final_uniformity: -0.1190 +/- 0.0161
  linear_p3 (Lambda=0.0):
    final_eff_rank: 3.590 +/- 0.733
    final_uniformity: -0.1195 +/- 0.0094
  Wall time total: 217.8s

Delta rank (cubic - linear): 0.028
Pooled std of rank: 0.631
Effect / noise: 0.04

Summary written to /home/l/mnsm/modest-heisenberg-f18b5b/outputs/simsiam_cubic_ssm_multiseed/summary.json
