Phase diagram 2D slice at d=4 (extends canonical d=3 methodology)
Backend: cupy (GPU)
Canonical anti-collapse convention (sigma_init=0.5, normalized)
  extended to d=4; distinct from dimensional-rescaling series convention

Initial state (d=4, sigma_init=0.5, normalized):
  initial_peak |Psi|^2 = 0.403335
  initial_norm = 1.000000

Configuration:
  d = 4, N = 16 (65,536 voxels), L = 20.0, Lambda = -8.0, T_bath = 0.001
  sigma_init = 0.5 normalized to total norm 1 (4D L2 norm)
  n_steps = 2000, dt = 0.0025
  Sigma_lambda: [0.5, 1.0, 2.0, 4.0, 8.0]
  gamma_0: [0.01, 0.05, 0.2, 1.0]
  Total grid points: 20
  Sl= 0.50, g0= 0.01: regime=    dispersive  peak_growth=      1.00  final_ratio=    0.0027  t=5.0s
  Sl= 0.50, g0= 0.05: regime=    dispersive  peak_growth=      1.00  final_ratio=    0.0111  t=5.0s
  Sl= 0.50, g0= 0.20: regime=    dispersive  peak_growth=      1.00  final_ratio=    0.0233  t=5.5s
  Sl= 0.50, g0= 1.00: regime=    dispersive  peak_growth=      1.00  final_ratio=    0.0276  t=6.8s
  Sl= 1.00, g0= 0.01: regime=    dispersive  peak_growth=      1.00  final_ratio=    0.0026  t=6.3s
  Sl= 1.00, g0= 0.05: regime=    dispersive  peak_growth=      1.00  final_ratio=    0.0114  t=4.8s
  Sl= 1.00, g0= 0.20: regime=    dispersive  peak_growth=      1.00  final_ratio=    0.0334  t=4.1s
  Sl= 1.00, g0= 1.00: regime=    dispersive  peak_growth=      1.00  final_ratio=    0.0298  t=4.6s
  Sl= 2.00, g0= 0.01: regime=    dispersive  peak_growth=      1.00  final_ratio=    0.0027  t=6.6s
  Sl= 2.00, g0= 0.05: regime=    dispersive  peak_growth=      1.00  final_ratio=    0.0108  t=5.3s
  Sl= 2.00, g0= 0.20: regime=    dispersive  peak_growth=      1.00  final_ratio=    0.0227  t=6.1s
  Sl= 2.00, g0= 1.00: regime=    dispersive  peak_growth=      1.00  final_ratio=    0.0320  t=7.1s
  Sl= 4.00, g0= 0.01: regime=    dispersive  peak_growth=      1.00  final_ratio=    0.0028  t=5.8s
  Sl= 4.00, g0= 0.05: regime=    dispersive  peak_growth=      1.00  final_ratio=    0.0133  t=4.8s
  Sl= 4.00, g0= 0.20: regime=    dispersive  peak_growth=      1.00  final_ratio=    0.0250  t=5.7s
  Sl= 4.00, g0= 1.00: regime=    dispersive  peak_growth=      1.00  final_ratio=    0.0287  t=6.3s
  Sl= 8.00, g0= 0.01: regime=    dispersive  peak_growth=      1.00  final_ratio=    0.0025  t=5.8s
  Sl= 8.00, g0= 0.05: regime=    dispersive  peak_growth=      1.00  final_ratio=    0.0109  t=5.7s
  Sl= 8.00, g0= 0.20: regime=    dispersive  peak_growth=      1.00  final_ratio=    0.0209  t=6.6s
  Sl= 8.00, g0= 1.00: regime=    dispersive  peak_growth=      1.00  final_ratio=    0.0346  t=6.5s

Total wall: 114.7s

Regime counts:
      dispersive: 20

Regime map (Sigma_lambda rows, gamma_0 cols):
                          g=0.01            g=0.05             g=0.2             g=1.0
  Sl= 0.50          dispersive        dispersive        dispersive        dispersive
  Sl= 1.00          dispersive        dispersive        dispersive        dispersive
  Sl= 2.00          dispersive        dispersive        dispersive        dispersive
  Sl= 4.00          dispersive        dispersive        dispersive        dispersive
  Sl= 8.00          dispersive        dispersive        dispersive        dispersive

Summary written to /home/l/mnsm/modest-heisenberg-f18b5b/outputs/phase_diagram_d4_slice/summary.json
