Phase 9 wave-3 test: dimensional rescaling at d=6 (P3 active)
Backend: cupy (GPU)
d = 6, N = 8, voxels per field = 262,144
|Lambda| = 8.0, gamma_0 = 0.2, T_bath = 0.05
Sigma_lambda sweep: [0.0, 0.5, 1.0, 2.0, 4.0, 8.0, 16.0, 32.0]

  Sigma_lambda=  0.00: max_peak=      0.9842  final/initial=    0.7705  released=True  t=62.6s
  Sigma_lambda=  0.50: max_peak=      0.9866  final/initial=    0.6085  released=True  t=55.0s
  Sigma_lambda=  1.00: max_peak=      0.9846  final/initial=    0.5552  released=True  t=57.7s
  Sigma_lambda=  2.00: max_peak=      0.9842  final/initial=    0.6230  released=True  t=51.2s
  Sigma_lambda=  4.00: max_peak=      0.9842  final/initial=    0.6023  released=True  t=57.6s
  Sigma_lambda=  8.00: max_peak=      0.9842  final/initial=    0.6309  released=True  t=50.7s
  Sigma_lambda= 16.00: max_peak=      0.9893  final/initial=    0.6562  released=True  t=53.4s
  Sigma_lambda= 32.00: max_peak=      1.7400  final/initial=    1.6562  released=False  t=53.2s

Total wall time: 442.4s

Critical Sigma_lambda at d=6, gamma_0=0.2: 0.5
Critical Sigma_lambda / |Lambda|: 0.062

For reference (existing data):
  d=2 ratio ~0.05; d=3 ratio ~0.5; d=4 ratio ~0.125; d=5 not on boxed 1/d formula
  1/d formula at d=6: predicts ratio ~0.167 (Sigma_lambda ~1.33)

Summary written to /home/l/mnsm/modest-heisenberg-f18b5b/outputs/dimensional_rescaling_d6_p3/summary.json
