Phase 9 wave-3 test: 3D vibrational mode spectrum (P3 active)
Backend: cupy (GPU)

Configuration:
  N = 32, L = 20, Lambda = -8.0, Sigma_lambda = 4.0
  gamma_0 = 0.02 (P3 active), T_bath = 0.005
  nu_fast = 10, nu_slow = 0.5
  dt = 0.005, n_steps = 4000
  Sample every 4 steps (Nyquist for ~10 cycles/unit time)
  Equilibration phase (first 25%): 1000 steps
  Recording phase: 3000 steps, sampling every 4

Wall time: 14.2s
Recorded 750 samples per voxel
Initial norm: 0.3536; Final norm: 22.0926

Analyzing spectrum...

Dominant frequency per voxel:
  Range: 0.067 to 2.733 cycles/unit time
  Median: 0.333
  Mean: 0.510
  Std: 0.475

Top 10 most-common dominant frequencies (bin centers):
  0.05 cycles/unit time: 8560 voxels
  0.25 cycles/unit time: 3735 voxels
  0.45 cycles/unit time: 2827 voxels
  0.15 cycles/unit time: 2775 voxels
  0.55 cycles/unit time: 2523 voxels
  0.85 cycles/unit time: 1951 voxels
  0.35 cycles/unit time: 1522 voxels
  1.05 cycles/unit time: 1473 voxels
  1.15 cycles/unit time: 1209 voxels
  0.65 cycles/unit time: 1096 voxels

Reference (2D results/03): median 0.6, secondary peak locked at 1.0
3D extrapolation per dimensional rescaling: rougher prediction

Top 15 peaks in aggregate spectrum (cycles/unit time, amplitude):
   0.067 Hz_comp  amplitude 2.65e-01
   0.133 Hz_comp  amplitude 1.98e-01
   0.200 Hz_comp  amplitude 1.84e-01
   0.267 Hz_comp  amplitude 1.79e-01
   0.333 Hz_comp  amplitude 1.75e-01
   0.400 Hz_comp  amplitude 1.75e-01
   0.467 Hz_comp  amplitude 1.72e-01
   0.533 Hz_comp  amplitude 1.70e-01
   0.600 Hz_comp  amplitude 1.69e-01
   0.667 Hz_comp  amplitude 1.67e-01
   0.733 Hz_comp  amplitude 1.65e-01
   0.800 Hz_comp  amplitude 1.63e-01
   0.867 Hz_comp  amplitude 1.61e-01
   0.933 Hz_comp  amplitude 1.59e-01
   1.000 Hz_comp  amplitude 1.57e-01

Consecutive-peak ratios in sorted top-15 aggregate peaks:
  2.000
  1.500
  1.333
  1.250
  1.200
  1.167
  1.143
  1.125
  1.111
  1.100
  1.091
  1.083
  1.077
  1.071
  Mean: 1.232 +/- 0.242
  Whole-tone reference: 2^(2/12) = 1.122

Summary written to /home/l/mnsm/modest-heisenberg-f18b5b/outputs/vibrational_3d_p3/summary.json
