=== test_dimensional_rescaling_d6.py (corrected Strang) ===
  Sigma_lambda=  4.00: max_peak=      0.9842  final/initial=    0.6021  released=True  t=19.9s
  Sigma_lambda=  8.00: max_peak=      0.9842  final/initial=    0.6305  released=True  t=20.2s
  Sigma_lambda= 16.00: max_peak=      0.9893  final/initial=    0.6552  released=True  t=19.7s
  Sigma_lambda= 32.00: max_peak=      1.7087  final/initial=    1.6403  released=False  t=19.9s

Total wall time: 163.4s

Critical Sigma_lambda at d=6, gamma_0=0.2: 0.5
Critical Sigma_lambda / |Lambda|: 0.062

For reference (existing data):
  d=2 ratio ~0.05; d=3 ratio ~0.5; d=4 ratio ~0.125; d=5 not on boxed 1/d formula
  1/d formula at d=6: predicts ratio ~0.167 (Sigma_lambda ~1.33)

Summary written to /home/l/mnsm/modest-heisenberg-f18b5b/outputs/dimensional_rescaling_d6_p3/summary.json

=== test_dimensional_rescaling_high_d.py (corrected Strang) ===
    Sigma_lambda= 25.00: max_peak=    0.9903  final/initial=  0.6407  released=True  t=19.7s
    Sigma_lambda= 50.00: max_peak=    1.3468  final/initial=  0.8689  released=True  t=19.6s

Total wall time: 854.7s

=== Critical Sigma_lambda/|Lambda| vs (d, gamma_0) ===
  Known from results/06: d=2 ratio ~0.05, d=3 ratio ~0.5
  d=4, gamma_0=0.05: Sigma_lambda_crit/|Lambda| ~ 0.125
  d=4, gamma_0=0.20: Sigma_lambda_crit/|Lambda| ~ 0.125
  d=4, gamma_0=1.00: Sigma_lambda_crit/|Lambda| ~ 0.125
  d=5, gamma_0=0.05: Sigma_lambda_crit/|Lambda| ~ 0.250
  d=5, gamma_0=0.20: Sigma_lambda_crit/|Lambda| ~ 0.250
  d=5, gamma_0=1.00: Sigma_lambda_crit/|Lambda| ~ 0.250

Full data: /home/l/mnsm/modest-heisenberg-f18b5b/outputs/dimensional_rescaling_high_d_p3/summary.json

=== test_soc_vs_mnsm_avalanches.py (corrected Strang) ===
  Recording 5000 steps...
  MNSM done: 791 avalanches in 3.3s
  median peak=0.4275, threshold=0.4488

Total wall time: 11.9s

=== Avalanche statistics comparison ===
  BTW (reference): 3840 avalanches; tau = 1.368
  Literature reference for BTW 2D: tau ~ 1.0 to 1.2

  MNSM gamma_0=0.00: 18 avalanches; tau = 1.1550284907356163
  MNSM gamma_0=0.05: 618 avalanches; tau = 1.2299673626077636
  MNSM gamma_0=0.20: 791 avalanches; tau = 1.2405287919166539

Full data: /home/l/mnsm/modest-heisenberg-f18b5b/outputs/soc_vs_mnsm_avalanches_p3/summary.json

=== ALL 3 DONE ===
