=== d=2 single seed ===

Regime map (Sigma_lambda rows, gamma_0 cols):
                          g=0.01            g=0.05             g=0.2             g=1.0
  Sl=0.050        intermediate          released          released        dispersive
  Sl=0.100            released          released          released        dispersive
  Sl=0.500            released          released          released        dispersive
  Sl=1.000            released          released          released        dispersive
  Sl=2.000            released          released      intermediate        dispersive

Summary written to /home/l/mnsm/modest-heisenberg-f18b5b/outputs/phase_diagram_d2_slice/summary.json
=== d=4 single seed ===

Regime map (Sigma_lambda rows, gamma_0 cols):
                          g=0.01            g=0.05             g=0.2             g=1.0
  Sl= 0.50          dispersive        dispersive        dispersive        dispersive
  Sl= 1.00          dispersive        dispersive        dispersive        dispersive
  Sl= 2.00          dispersive        dispersive        dispersive        dispersive
  Sl= 4.00          dispersive        dispersive        dispersive        dispersive
  Sl= 8.00          dispersive        dispersive        dispersive        dispersive

Summary written to /home/l/mnsm/modest-heisenberg-f18b5b/outputs/phase_diagram_d4_slice/summary.json
=== d=2 Convention A ===
  Sl= 2.00, g0= 0.05: regime=    dispersive  peak_growth=    1.11  final_ratio=    0.0081  t=1.4s
  Sl= 2.00, g0= 0.20: regime=    dispersive  peak_growth=    1.09  final_ratio=    0.0103  t=1.4s
  Sl= 2.00, g0= 1.00: regime=    dispersive  peak_growth=    1.00  final_ratio=    0.0094  t=1.4s

Total wall: 27.5s

Regime counts:
      dispersive: 20

Summary written to /home/l/mnsm/modest-heisenberg-f18b5b/outputs/phase_diagram_d2_convention_A/summary.json
=== d=3 Convention A ===
  Sl= 4.00, g0= 0.05: regime=    dispersive  peak_growth=    1.09  final_ratio=    0.0050  t=4.7s
  Sl= 4.00, g0= 0.20: regime=    dispersive  peak_growth=    1.07  final_ratio=    0.0098  t=4.9s
  Sl= 4.00, g0= 1.00: regime=    dispersive  peak_growth=    1.00  final_ratio=    0.0112  t=4.6s

Total wall: 94.1s

Regime counts:
      dispersive: 20

Summary written to /home/l/mnsm/modest-heisenberg-f18b5b/outputs/phase_diagram_d3_convention_A/summary.json
=== d=3 single seed ===

Regime map (Sigma_lambda rows, gamma_0 cols):
                          g=0.01            g=0.05             g=0.2             g=1.0
  Sl= 0.50            released          released      intermediate      intermediate
  Sl= 1.00            released          released      intermediate      intermediate
  Sl= 1.50            released      intermediate      intermediate      intermediate
  Sl= 2.00            released          released          released      intermediate
  Sl= 4.00            released          released          released        dispersive

Summary written to /home/l/mnsm/modest-heisenberg-f18b5b/outputs/phase_diagram_2d_slice/summary.json
=== Convention L matrix ===

Total wall: 237.4s

Summary across cells:
  A_L10_d2: {'dispersive': 20}
  A_L10_d3: {'dispersive': 20}
  B_L10_d2: {'released': 14, 'dispersive': 5, 'intermediate': 1}
  B_L10_d3: {'released': 15, 'intermediate': 2, 'dispersive': 3}

Summary written to /home/l/mnsm/modest-heisenberg-f18b5b/outputs/convention_L_matrix/summary.json
=== Convention A native ===
  Sl= 4.00, g0= 1.00: regime=        stable  peak_growth=    1.00  final_ratio=    0.5973  t=9.0s
  Regime counts: {'dispersive': 5, 'stable': 10}

Total wall: 174.2s

Summary across cells:
  A_native_d2: {'dispersive': 9, 'stable': 6}
  A_native_d3: {'dispersive': 5, 'stable': 10}

Summary written to /home/l/mnsm/modest-heisenberg-f18b5b/outputs/convention_A_native_regime/summary.json
=== Vibrational single ===
  0.925 cycles/unit time: 5 voxels
  1.125 cycles/unit time: 4 voxels
  1.675 cycles/unit time: 0 voxels
  1.725 cycles/unit time: 0 voxels
  1.825 cycles/unit time: 0 voxels
  1.875 cycles/unit time: 0 voxels
  1.925 cycles/unit time: 0 voxels
  1.975 cycles/unit time: 1 voxels

Summary written to /home/l/mnsm/modest-heisenberg-f18b5b/outputs/vibrational_3d_p3/summary.json
=== Vibrational multi-seed ===
  Canonical-bin voxel counts (mean +/- std across seeds):
    bin 0.125:   2117.8 +/-     8.8   (per-seed: [2132, 2111, 2110, 2118])
    bin 0.225:    784.8 +/-     9.6   (per-seed: [776, 781, 801, 781])
    bin 0.325:    573.5 +/-     6.1   (per-seed: [577, 581, 565, 571])
    bin 0.425:    395.8 +/-     8.0   (per-seed: [384, 394, 399, 406])
    bin 0.525:    159.0 +/-     3.5   (per-seed: [161, 162, 153, 160])

  Wall time total: 128.9s

Summary written to /home/l/mnsm/modest-heisenberg-f18b5b/outputs/vibrational_3d_p3_multiseed/summary.json
=== d=2 multi-seed ===
   1.00   0.20        released      stable      21.325 +/-   0.302     0.01133 +/-  0.00107
   1.00   1.00      dispersive      stable       1.326 +/-   0.027     0.00754 +/-  0.00040
   2.00   0.01        released      stable      15.773 +/-   0.289     0.02847 +/-  0.00043
   2.00   0.05        released      stable      23.117 +/-   0.361     0.02393 +/-  0.00167
   2.00   0.20    intermediate      stable       3.167 +/-   0.069     0.00850 +/-  0.00030
   2.00   1.00      dispersive      stable       1.268 +/-   0.019     0.00853 +/-  0.00110

  Wall time total: 107.9s

Summary written to /home/l/mnsm/modest-heisenberg-f18b5b/outputs/phase_diagram_d2_slice_multiseed/summary.json
=== d=3 multi-seed ===
   2.00   0.20        released      stable       5.071 +/-   0.012     0.00758 +/-  0.00061
   2.00   1.00    intermediate      stable       3.144 +/-   0.098     0.00843 +/-  0.00048
   4.00   0.01        released      stable       5.821 +/-   0.001     0.00254 +/-  0.00024
   4.00   0.05        released      stable       5.737 +/-   0.008     0.00410 +/-  0.00026
   4.00   0.20        released      stable       5.299 +/-   0.060     0.00732 +/-  0.00049
   4.00   1.00      dispersive      stable       1.869 +/-   0.061     0.00835 +/-  0.00037

  Wall time total: 368.5s

Summary written to /home/l/mnsm/modest-heisenberg-f18b5b/outputs/phase_diagram_2d_slice_multiseed/summary.json
=== ALL DONE ===
